2021-10-08 12:15:32|977.609µs|200|GET|/|::1|0 B|15.7 KB||
2021-10-08 12:15:40|49.232µs|302|POST|/addrecipe|::1|0 B|0 B||
2021-10-08 12:15:40|494.836µs|200|GET|/|::1|0 B|19.6 KB||
2021-10-08 12:31:23|898.362µs|200|GET|/|::1|0 B|15.7 KB||
2021-10-08 12:31:53|98.866µs|302|POST|/addrecipe|::1|0 B|0 B||
2021-10-08 12:31:53|593.279µs|200|GET|/|::1|0 B|19.6 KB||
2021-10-09 16:20:37|1.833787ms|200|GET|/|::1|0 B|15.7 KB||
2021-10-09 16:20:54|81.26µs|302|POST|/editrecipe/0|::1|id=0|0 B|0 B||
2021-10-09 16:20:54|343.292µs|200|GET|/|::1|0 B|15.6 KB||
2021-10-10 17:35:31|1.082793ms|200|GET|/|::1|0 B|15.9 KB||
2021-10-10 17:35:34|44.544µs|404|GET|/recipie.html|::1|0 B|18 B||
2021-10-10 17:37:42|106.381µs|404|GET|/recipie.html|::1|0 B|18 B||
2021-10-10 17:37:44|839.866µs|200|GET|/|::1|0 B|15.9 KB||
2021-10-10 17:37:47|29.247µs|404|GET|/recipie.html|::1|0 B|18 B||
2021-10-10 17:39:23|956.596µs|200|GET|/|::1|0 B|15.9 KB||
2021-10-10 17:39:25|28.948µs|404|GET|/recipie/0|::1|0 B|18 B||
2021-10-10 17:40:17|46.909µs|404|GET|/recipie/0|::1|0 B|18 B||
2021-10-10 17:40:31|1.021409ms|200|GET|/|::1|0 B|15.9 KB||
2021-10-10 17:40:37|35.778µs|404|GET|/recipie/0|::1|0 B|18 B||
2021-10-10 17:40:39|66.711µs|404|GET|/recipie/1|::1|0 B|18 B||
2021-10-10 17:41:25|927.869µs|200|GET|/|::1|0 B|15.9 KB||
2021-10-10 17:41:26|158.33µs|200|GET|/recipe/0|::1|id=0|0 B|301 B||
2021-10-10 17:41:31|405.772µs|200|GET|/|::1|0 B|15.9 KB||
2021-10-10 17:41:34|130.25µs|200|GET|/recipe/1|::1|id=1|0 B|301 B||
2021-10-10 17:43:42|1.189232ms|200|GET|/|::1|0 B|15.9 KB||
2021-10-10 17:43:44|338.289µs|200|GET|/recipe/0|::1|id=0|0 B|1.0 KB||
2021-10-10 17:43:46|437.277µs|200|GET|/|::1|0 B|15.9 KB||
2021-10-10 17:43:54|133.363µs|200|GET|/recipe/1|::1|id=1|0 B|1.2 KB||
2021-10-10 17:43:56|381.783µs|200|GET|/|::1|0 B|15.9 KB||
2021-10-10 17:44:01|89.735µs|200|GET|/recipe/1|::1|id=1|0 B|1.2 KB||
